17:24:02.460 [main] DEBUG com.intuit.karate - request:
1 > PUT https://petstore.swagger.io/v2/pet/
1 > Content-Type: application/json; charset=UTF-8
1 > Content-Length: 138
1 > Host: petstore.swagger.io
1 > Connection: Keep-Alive
1 > User-Agent: Apache-HttpClient/4.5.13 (Java/13.0.2)
1 > Accept-Encoding: gzip,deflate
{"id":127,"category":{"id":0,"name":"string"},"name":"ruri","photoUrls":["string"],"tags":[{"id":0,"name":"string"}],"status":"available"}

17:24:04.262 [main] DEBUG com.intuit.karate - response time in milliseconds: 1795
1 < 200
1 < Date: Wed, 31 Aug 2022 20:24:04 GMT
1 < Content-Type: application/json
1 < Transfer-Encoding: chunked
1 < Connection: keep-alive
1 < Access-Control-Allow-Origin: *
1 < Access-Control-Allow-Methods: GET, POST, DELETE, PUT
1 < Access-Control-Allow-Headers: Content-Type, api_key, Authorization
1 < Server: Jetty(9.2.9.v20150224)
{"id":127,"category":{"id":0,"name":"string"},"name":"ruri","photoUrls":["string"],"tags":[{"id":0,"name":"string"}],"status":"available"}

17:26:32.121 [main] DEBUG com.intuit.karate - request:
1 > PUT https://petstore.swagger.io/v2/pet/
1 > Content-Type: application/json; charset=UTF-8
1 > Content-Length: 138
1 > Host: petstore.swagger.io
1 > Connection: Keep-Alive
1 > User-Agent: Apache-HttpClient/4.5.13 (Java/13.0.2)
1 > Accept-Encoding: gzip,deflate
{"id":127,"category":{"id":0,"name":"string"},"name":"ruri","photoUrls":["string"],"tags":[{"id":0,"name":"string"}],"status":"available"}

17:26:33.450 [main] DEBUG com.intuit.karate - response time in milliseconds: 1317
1 < 200
1 < Date: Wed, 31 Aug 2022 20:26:33 GMT
1 < Content-Type: application/json
1 < Transfer-Encoding: chunked
1 < Connection: keep-alive
1 < Access-Control-Allow-Origin: *
1 < Access-Control-Allow-Methods: GET, POST, DELETE, PUT
1 < Access-Control-Allow-Headers: Content-Type, api_key, Authorization
1 < Server: Jetty(9.2.9.v20150224)
{"id":127,"category":{"id":0,"name":"string"},"name":"ruri","photoUrls":["string"],"tags":[{"id":0,"name":"string"}],"status":"available"}

18:36:52.029 [AsyncHttpClient-1-5] WARN  o.a.netty.handler.WebSocketHandler - onError
java.net.SocketException: Connection reset
	at java.base/sun.nio.ch.SocketChannelImpl.throwConnectionReset(SocketChannelImpl.java:345)
	at java.base/sun.nio.ch.SocketChannelImpl.read(SocketChannelImpl.java:376)
	at io.netty.buffer.PooledByteBuf.setBytes(PooledByteBuf.java:258)
	at io.netty.buffer.AbstractByteBuf.writeBytes(AbstractByteBuf.java:1132)
	at io.netty.buffer.WrappedByteBuf.writeBytes(WrappedByteBuf.java:821)
	at io.netty.channel.socket.nio.NioSocketChannel.doReadBytes(NioSocketChannel.java:357)
	at io.netty.channel.nio.AbstractNioByteChannel$NioByteUnsafe.read(AbstractNioByteChannel.java:151)
	at io.netty.channel.nio.NioEventLoop.processSelectedKey(NioEventLoop.java:722)
	at io.netty.channel.nio.NioEventLoop.processSelectedKeysOptimized(NioEventLoop.java:658)
	at io.netty.channel.nio.NioEventLoop.processSelectedKeys(NioEventLoop.java:584)
	at io.netty.channel.nio.NioEventLoop.run(NioEventLoop.java:496)
	at io.netty.util.concurrent.SingleThreadEventExecutor$4.run(SingleThreadEventExecutor.java:997)
	at io.netty.util.internal.ThreadExecutorMap$2.run(ThreadExecutorMap.java:74)
	at io.netty.util.concurrent.FastThreadLocalRunnable.run(FastThreadLocalRunnable.java:30)
	at java.base/java.lang.Thread.run(Thread.java:830)
